<?xml version="1.0" encoding="UTF-8"?>
<testsuite xmlns:xsi="http://www.w3.org/2001/XMLSchema-instance" xsi:noNamespaceSchemaLocation="https://maven.apache.org/surefire/maven-surefire-plugin/xsd/surefire-test-report-3.0.xsd" version="3.0" name="tek.sdet.framework.runner.TestRunner" time="204.349" tests="21" errors="0" skipped="0" failures="0">
  <properties>
[...]
</properties>
  <testcase name="Verify user can search a product" classname="Retail Page applicaiton" time="11.839">
    <system-out><![CDATA[
@test @Regration
Scenario: Verify user can search a product # features/Retail.feature:4
{browser=edge, headless=true, url=https://tek-retail-ui.azurewebsites.net/}
 INFO [main] (RetailSteps.java:26)- User searched for Pokemon item
  When User search for 'Pokemon' item      # tek.sdet.framework.steps.RetailSteps.userSearchForItem(java.lang.String)
 INFO [main] (RetailSteps.java:32)- Product is displayed
  Then Product should be displayed         # tek.sdet.framework.steps.RetailSteps.productShouldBeDisplayed()
]]></system-out>
    <system-err><![CDATA[SLF4J: Failed to load class "org.slf4j.impl.StaticLoggerBinder".
SLF4J: Defaulting to no-operation (NOP) logger implementation
SLF4J: See http://www.slf4j.org/codes.html#StaticLoggerBinder for further details.
ERROR StatusLogger Log4j2 could not find a logging implementation. Please add log4j-core to the classpath. Using SimpleLogger to log to the console...
Starting Microsoft Edge WebDriver 111.0.1661.54 (9e410ec23a36266fd1bd72da1ffa52ca0cbfab78) on port 62112
To submit feedback, report a bug, or suggest new features, please visit https://github.com/MicrosoftEdge/EdgeWebDriver

Only local connections are allowed.
Please see https://aka.ms/WebDriverSecurity for suggestions on keeping Microsoft Edge WebDriver safe.

Microsoft Edge WebDriver was started successfully.
Mar 29, 2023 11:01:54 PM org.openqa.selenium.remote.ProtocolHandshake createSession
INFO: Detected upstream dialect: W3C
Mar 29, 2023 11:01:54 PM org.openqa.selenium.devtools.CdpVersionFinder findNearestMatch
WARNING: Unable to find an exact match for CDP version 111, so returning the closest version found: a no-op implementation
Mar 29, 2023 11:01:54 PM org.openqa.selenium.devtools.CdpVersionFinder findNearestMatch
INFO: Unable to find CDP implementation matching 111.
Mar 29, 2023 11:01:54 PM org.openqa.selenium.chromium.ChromiumDriver lambda$new$3
WARNING: Unable to find version of CDP to use for . You may need to include a dependency on a specific version of the CDP using something similar to `org.seleniumhq.selenium:selenium-devtools-v86:4.4.0` where the version ("v86") matches the version of the chromium-based browser you're using and the version number of the artifact is the same as Selenium's.
]]></system-err>
  </testcase>
  <testcase name="Verify User can update Profile Information" classname="Retail Account Page" time="7.113">
    <system-out><![CDATA[
@TestTest @Regration
Scenario: Verify User can update Profile Information                           # features/RetailAccount.feature:12
{browser=edge, headless=true, url=https://tek-retail-ui.azurewebsites.net/}
 INFO [main] (RetailSteps.java:19)- User is on retail website
  Given User is on retail website                                              # tek.sdet.framework.steps.RetailSteps.userIsOnRetailWebsite()
 INFO [main] (SignInSteps.java:22)- user clicked on Sign in Option
  When User click on Sign in option                                            # tek.sdet.framework.steps.SignInSteps.userClickOnSignInOption()
 INFO [main] (SignInSteps.java:31)- user entered email and password
  And User enter email 'phan1.caphg3@tekschool.us' and password 'Tek@12345678' # tek.sdet.framework.steps.SignInSteps.userEnterEmailAndPassword(java.lang.String,java.lang.String)
 INFO [main] (SignInSteps.java:37)- user clicked on login button
  And User click on login button                                               # tek.sdet.framework.steps.SignInSteps.userClickOnLoginButton()
 INFO [main] (SignInSteps.java:43)- user is logged in into Account
  And User should be logged in into Account                                    # tek.sdet.framework.steps.SignInSteps.userShouldBeLoggedInIntoAccount()
 INFO [main] (RetailAccountSteps.java:52)- User click on Account option
  When User click on Account option                                            # tek.sdet.framework.steps.RetailAccountSteps.UserClickOnAccountOption()
 INFO [main] (RetailAccountSteps.java:30)- User update Name ‘NameValue’ and Phone ‘PhoneValue’
  And User update Name 'fawa' and Phone '9266659371'                           # tek.sdet.framework.steps.RetailAccountSteps.userUpdateNameAndPhone(java.lang.String,java.lang.String)
 INFO [main] (RetailAccountSteps.java:36)- User click on signUp button
  And User click on Update button                                              # tek.sdet.framework.steps.RetailAccountSteps.userClickOnUpdateButton()
 INFO [main] (RetailAccountSteps.java:42)- user is logged into account page
  Then user profile information should be updated                              # tek.sdet.framework.steps.RetailAccountSteps.userProfileInformationShouldBeUpdated()
]]></system-out>
    <system-err><![CDATA[Starting Microsoft Edge WebDriver 111.0.1661.54 (9e410ec23a36266fd1bd72da1ffa52ca0cbfab78) on port 61448
To submit feedback, report a bug, or suggest new features, please visit https://github.com/MicrosoftEdge/EdgeWebDriver

Only local connections are allowed.
Please see https://aka.ms/WebDriverSecurity for suggestions on keeping Microsoft Edge WebDriver safe.

Microsoft Edge WebDriver was started successfully.
Mar 29, 2023 11:02:05 PM org.openqa.selenium.remote.ProtocolHandshake createSession
INFO: Detected upstream dialect: W3C
Mar 29, 2023 11:02:05 PM org.openqa.selenium.devtools.CdpVersionFinder findNearestMatch
WARNING: Unable to find an exact match for CDP version 111, so returning the closest version found: a no-op implementation
Mar 29, 2023 11:02:05 PM org.openqa.selenium.devtools.CdpVersionFinder findNearestMatch
INFO: Unable to find CDP implementation matching 111.
Mar 29, 2023 11:02:05 PM org.openqa.selenium.chromium.ChromiumDriver lambda$new$3
WARNING: Unable to find version of CDP to use for . You may need to include a dependency on a specific version of the CDP using something similar to `org.seleniumhq.selenium:selenium-devtools-v86:4.4.0` where the version ("v86") matches the version of the chromium-based browser you're using and the version number of the artifact is the same as Selenium's.
]]></system-err>
  </testcase>
  <testcase name="Verify User can add a payment method" classname="Retail Account Page" time="15.264">
    <system-out><![CDATA[
@AddPayment @Regration
Scenario: Verify User can add a payment method                                 # features/RetailAccount.feature:25
{browser=edge, headless=true, url=https://tek-retail-ui.azurewebsites.net/}
 INFO [main] (RetailSteps.java:19)- User is on retail website
  Given User is on retail website                                              # tek.sdet.framework.steps.RetailSteps.userIsOnRetailWebsite()
 INFO [main] (SignInSteps.java:22)- user clicked on Sign in Option
  When User click on Sign in option                                            # tek.sdet.framework.steps.SignInSteps.userClickOnSignInOption()
 INFO [main] (SignInSteps.java:31)- user entered email and password
  And User enter email 'phan1.caphg3@tekschool.us' and password 'Tek@12345678' # tek.sdet.framework.steps.SignInSteps.userEnterEmailAndPassword(java.lang.String,java.lang.String)
 INFO [main] (SignInSteps.java:37)- user clicked on login button
  And User click on login button                                               # tek.sdet.framework.steps.SignInSteps.userClickOnLoginButton()
 INFO [main] (SignInSteps.java:43)- user is logged in into Account
  And User should be logged in into Account                                    # tek.sdet.framework.steps.SignInSteps.userShouldBeLoggedInIntoAccount()
 INFO [main] (RetailAccountSteps.java:52)- User click on Account option
  When User click on Account option                                            # tek.sdet.framework.steps.RetailAccountSteps.UserClickOnAccountOption()
 INFO [main] (RetailAccountSteps.java:81)- User click on Add a payment method link
  And User click on Add a payment method link                                  # tek.sdet.framework.steps.RetailAccountSteps.UserClickOnAddAPaymentMethodLink()
 INFO [main] (RetailAccountSteps.java:95)- User fill Debit or credit card information
  And User fill Debit or credit card information                               # tek.sdet.framework.steps.RetailAccountSteps.UserFillDebitOrCreditCardInformation(io.cucumber.datatable.DataTable)
    | cardNumber       | nameOnCard | expirationMonth | expirationYear | securityCode |
    | 6611341158041779 | Waris      | 5               | 2025           | 835          |
 INFO [main] (RetailAccountSteps.java:102)- User click on Add your card button
  And User click on Add your card button                                       # tek.sdet.framework.steps.RetailAccountSteps.UserClickOnAddYourCardButton()
 INFO [main] (RetailAccountSteps.java:113)- Payment Method added successfully
  Then a message should be displayed 'Payment Method added successfully'       # tek.sdet.framework.steps.RetailAccountSteps.PaymentMethodAddedSuccessfully(java.lang.String)
]]></system-out>
    <system-err><![CDATA[Starting Microsoft Edge WebDriver 111.0.1661.54 (9e410ec23a36266fd1bd72da1ffa52ca0cbfab78) on port 51276
To submit feedback, report a bug, or suggest new features, please visit https://github.com/MicrosoftEdge/EdgeWebDriver

Only local connections are allowed.
Please see https://aka.ms/WebDriverSecurity for suggestions on keeping Microsoft Edge WebDriver safe.

Microsoft Edge WebDriver was started successfully.
Mar 29, 2023 11:02:12 PM org.openqa.selenium.remote.ProtocolHandshake createSession
INFO: Detected upstream dialect: W3C
Mar 29, 2023 11:02:12 PM org.openqa.selenium.devtools.CdpVersionFinder findNearestMatch
WARNING: Unable to find an exact match for CDP version 111, so returning the closest version found: a no-op implementation
Mar 29, 2023 11:02:12 PM org.openqa.selenium.devtools.CdpVersionFinder findNearestMatch
INFO: Unable to find CDP implementation matching 111.
Mar 29, 2023 11:02:12 PM org.openqa.selenium.chromium.ChromiumDriver lambda$new$3
WARNING: Unable to find version of CDP to use for . You may need to include a dependency on a specific version of the CDP using something similar to `org.seleniumhq.selenium:selenium-devtools-v86:4.4.0` where the version ("v86") matches the version of the chromium-based browser you're using and the version number of the artifact is the same as Selenium's.
]]></system-err>
  </testcase>
  <testcase name="Verify User can edit Debit or Credit card" classname="Retail Account Page" time="8.371">
    <system-out><![CDATA[
@EdidtCard @Regration
Scenario: Verify User can edit Debit or Credit card                            # features/RetailAccount.feature:34
{browser=edge, headless=true, url=https://tek-retail-ui.azurewebsites.net/}
 INFO [main] (RetailSteps.java:19)- User is on retail website
  Given User is on retail website                                              # tek.sdet.framework.steps.RetailSteps.userIsOnRetailWebsite()
 INFO [main] (SignInSteps.java:22)- user clicked on Sign in Option
  When User click on Sign in option                                            # tek.sdet.framework.steps.SignInSteps.userClickOnSignInOption()
 INFO [main] (SignInSteps.java:31)- user entered email and password
  And User enter email 'phan1.caphg3@tekschool.us' and password 'Tek@12345678' # tek.sdet.framework.steps.SignInSteps.userEnterEmailAndPassword(java.lang.String,java.lang.String)
 INFO [main] (SignInSteps.java:37)- user clicked on login button
  And User click on login button                                               # tek.sdet.framework.steps.SignInSteps.userClickOnLoginButton()
 INFO [main] (SignInSteps.java:43)- user is logged in into Account
  And User should be logged in into Account                                    # tek.sdet.framework.steps.SignInSteps.userShouldBeLoggedInIntoAccount()
 INFO [main] (RetailAccountSteps.java:52)- User click on Account option
  When User click on Account option                                            # tek.sdet.framework.steps.RetailAccountSteps.UserClickOnAccountOption()
 INFO [main] (RetailAccountSteps.java:165)- user Clicked on edit button
  And User click on Edit option of card section                                # tek.sdet.framework.steps.RetailAccountSteps.userClickOnEditOptionOfCardSection()
 INFO [main] (RetailAccountSteps.java:178)- The Data has been updated
  And user edit information with below data                                    # tek.sdet.framework.steps.RetailAccountSteps.userEditInformationWithBelowDatta(io.cucumber.datatable.DataTable)
    | cardNumber       | nameOnCard | expirationMonth | expirationYear | securityCode |
    | 1187657711033345 | Mola       | 11              | 2029           | 977          |
 INFO [main] (RetailAccountSteps.java:183)- the user clicked in update card button
  And user click on Update Your Card button                                    # tek.sdet.framework.steps.RetailAccountSteps.userClickOnupdateYourCardbutton()
 INFO [main] (RetailAccountSteps.java:190)- Payment Method updated Successfully
  Then a message will be displayed 'Payment Method updated Successfully'       # tek.sdet.framework.steps.RetailAccountSteps.paymentMehtodUpdatedSuccessfully(java.lang.String)
]]></system-out>
    <system-err><![CDATA[Starting Microsoft Edge WebDriver 111.0.1661.54 (9e410ec23a36266fd1bd72da1ffa52ca0cbfab78) on port 62672
To submit feedback, report a bug, or suggest new features, please visit https://github.com/MicrosoftEdge/EdgeWebDriver

Only local connections are allowed.
Please see https://aka.ms/WebDriverSecurity for suggestions on keeping Microsoft Edge WebDriver safe.

Microsoft Edge WebDriver was started successfully.
Mar 29, 2023 11:02:27 PM org.openqa.selenium.remote.ProtocolHandshake createSession
INFO: Detected upstream dialect: W3C
Mar 29, 2023 11:02:27 PM org.openqa.selenium.devtools.CdpVersionFinder findNearestMatch
WARNING: Unable to find an exact match for CDP version 111, so returning the closest version found: a no-op implementation
Mar 29, 2023 11:02:27 PM org.openqa.selenium.devtools.CdpVersionFinder findNearestMatch
INFO: Unable to find CDP implementation matching 111.
Mar 29, 2023 11:02:27 PM org.openqa.selenium.chromium.ChromiumDriver lambda$new$3
WARNING: Unable to find version of CDP to use for . You may need to include a dependency on a specific version of the CDP using something similar to `org.seleniumhq.selenium:selenium-devtools-v86:4.4.0` where the version ("v86") matches the version of the chromium-based browser you're using and the version number of the artifact is the same as Selenium's.
]]></system-err>
  </testcase>
  <testcase name="Verify User can remove Debit or Credit card" classname="Retail Account Page" time="16.016">
    <system-out><![CDATA[
@RemovingtheCard @Regration
Scenario: Verify User can remove Debit or Credit card                          # features/RetailAccount.feature:43
{browser=edge, headless=true, url=https://tek-retail-ui.azurewebsites.net/}
 INFO [main] (RetailSteps.java:19)- User is on retail website
  Given User is on retail website                                              # tek.sdet.framework.steps.RetailSteps.userIsOnRetailWebsite()
 INFO [main] (SignInSteps.java:22)- user clicked on Sign in Option
  When User click on Sign in option                                            # tek.sdet.framework.steps.SignInSteps.userClickOnSignInOption()
 INFO [main] (SignInSteps.java:31)- user entered email and password
  And User enter email 'phan1.caphg3@tekschool.us' and password 'Tek@12345678' # tek.sdet.framework.steps.SignInSteps.userEnterEmailAndPassword(java.lang.String,java.lang.String)
 INFO [main] (SignInSteps.java:37)- user clicked on login button
  And User click on login button                                               # tek.sdet.framework.steps.SignInSteps.userClickOnLoginButton()
 INFO [main] (SignInSteps.java:43)- user is logged in into Account
  And User should be logged in into Account                                    # tek.sdet.framework.steps.SignInSteps.userShouldBeLoggedInIntoAccount()
 INFO [main] (RetailAccountSteps.java:52)- User click on Account option
  When User click on Account option                                            # tek.sdet.framework.steps.RetailAccountSteps.UserClickOnAccountOption()
 INFO [main] (RetailAccountSteps.java:199)- the card has been removed
  And User click on remove option of card section                              # tek.sdet.framework.steps.RetailAccountSteps.userClickOnRemovebtn()
 INFO [main] (RetailAccountSteps.java:204)- The Card has been removed
  Then payment details should be removed                                       # tek.sdet.framework.steps.RetailAccountSteps.paymentDetailsShouldbeRemoved()
]]></system-out>
    <system-err><![CDATA[Starting Microsoft Edge WebDriver 111.0.1661.54 (9e410ec23a36266fd1bd72da1ffa52ca0cbfab78) on port 56199
To submit feedback, report a bug, or suggest new features, please visit https://github.com/MicrosoftEdge/EdgeWebDriver

Only local connections are allowed.
Please see https://aka.ms/WebDriverSecurity for suggestions on keeping Microsoft Edge WebDriver safe.

Microsoft Edge WebDriver was started successfully.
Mar 29, 2023 11:02:36 PM org.openqa.selenium.remote.ProtocolHandshake createSession
INFO: Detected upstream dialect: W3C
Mar 29, 2023 11:02:36 PM org.openqa.selenium.devtools.CdpVersionFinder findNearestMatch
WARNING: Unable to find an exact match for CDP version 111, so returning the closest version found: a no-op implementation
Mar 29, 2023 11:02:36 PM org.openqa.selenium.devtools.CdpVersionFinder findNearestMatch
INFO: Unable to find CDP implementation matching 111.
Mar 29, 2023 11:02:36 PM org.openqa.selenium.chromium.ChromiumDriver lambda$new$3
WARNING: Unable to find version of CDP to use for . You may need to include a dependency on a specific version of the CDP using something similar to `org.seleniumhq.selenium:selenium-devtools-v86:4.4.0` where the version ("v86") matches the version of the chromium-based browser you're using and the version number of the artifact is the same as Selenium's.
]]></system-err>
  </testcase>
  <testcase name="Verify User can add an Address" classname="Retail Account Page" time="8.385">
    <system-out><![CDATA[
@AddAddress @Regration
Scenario: Verify User can add an Address                                       # features/RetailAccount.feature:48
{browser=edge, headless=true, url=https://tek-retail-ui.azurewebsites.net/}
 INFO [main] (RetailSteps.java:19)- User is on retail website
  Given User is on retail website                                              # tek.sdet.framework.steps.RetailSteps.userIsOnRetailWebsite()
 INFO [main] (SignInSteps.java:22)- user clicked on Sign in Option
  When User click on Sign in option                                            # tek.sdet.framework.steps.SignInSteps.userClickOnSignInOption()
 INFO [main] (SignInSteps.java:31)- user entered email and password
  And User enter email 'phan1.caphg3@tekschool.us' and password 'Tek@12345678' # tek.sdet.framework.steps.SignInSteps.userEnterEmailAndPassword(java.lang.String,java.lang.String)
 INFO [main] (SignInSteps.java:37)- user clicked on login button
  And User click on login button                                               # tek.sdet.framework.steps.SignInSteps.userClickOnLoginButton()
 INFO [main] (SignInSteps.java:43)- user is logged in into Account
  And User should be logged in into Account                                    # tek.sdet.framework.steps.SignInSteps.userShouldBeLoggedInIntoAccount()
 INFO [main] (RetailAccountSteps.java:52)- User click on Account option
  When User click on Account option                                            # tek.sdet.framework.steps.RetailAccountSteps.UserClickOnAccountOption()
 INFO [main] (RetailAccountSteps.java:127)- User click on Add address option
  And User click on Add address option                                         # tek.sdet.framework.steps.RetailAccountSteps.UserClickOnAddAddressOption()
 INFO [main] (RetailAccountSteps.java:142)- user filled the address form
  And User fill new address form with below information                        # tek.sdet.framework.steps.RetailAccountSteps.userFillThenewAddressForm(io.cucumber.datatable.DataTable)
    | country       | fullName | phoneNumber | streetAddress    | apt | city       | state      | zipCode |
    | United States | Harraasw | 9162345886  | 4168 Marconi Ave | 10  | Sacramento | California | 95821   |
 INFO [main] (RetailAccountSteps.java:148)- User click Add Your Address button
  And User click Add Your Address button                                       # tek.sdet.framework.steps.RetailAccountSteps.UserClickAddYourAddressButton()
 INFO [main] (RetailAccountSteps.java:155)- a message should be displayed 'Address Added Successfully'
  Then a message will is be displayed 'Address Added Successfully'             # tek.sdet.framework.steps.RetailAccountSteps.AddressAddedSuccessfully1(java.lang.String)
]]></system-out>
    <system-err><![CDATA[Starting Microsoft Edge WebDriver 111.0.1661.54 (9e410ec23a36266fd1bd72da1ffa52ca0cbfab78) on port 56085
To submit feedback, report a bug, or suggest new features, please visit https://github.com/MicrosoftEdge/EdgeWebDriver

Only local connections are allowed.
Please see https://aka.ms/WebDriverSecurity for suggestions on keeping Microsoft Edge WebDriver safe.

Microsoft Edge WebDriver was started successfully.
Mar 29, 2023 11:02:52 PM org.openqa.selenium.remote.ProtocolHandshake createSession
INFO: Detected upstream dialect: W3C
Mar 29, 2023 11:02:52 PM org.openqa.selenium.devtools.CdpVersionFinder findNearestMatch
WARNING: Unable to find an exact match for CDP version 111, so returning the closest version found: a no-op implementation
Mar 29, 2023 11:02:52 PM org.openqa.selenium.devtools.CdpVersionFinder findNearestMatch
INFO: Unable to find CDP implementation matching 111.
Mar 29, 2023 11:02:52 PM org.openqa.selenium.chromium.ChromiumDriver lambda$new$3
WARNING: Unable to find version of CDP to use for . You may need to include a dependency on a specific version of the CDP using something similar to `org.seleniumhq.selenium:selenium-devtools-v86:4.4.0` where the version ("v86") matches the version of the chromium-based browser you're using and the version number of the artifact is the same as Selenium's.
]]></system-err>
  </testcase>
  <testcase name="Verify User can edit an Address added on account" classname="Retail Account Page" time="13.16">
    <system-out><![CDATA[
@EditAddress @Regration
Scenario: Verify User can edit an Address added on account                     # features/RetailAccount.feature:57
{browser=edge, headless=true, url=https://tek-retail-ui.azurewebsites.net/}
 INFO [main] (RetailSteps.java:19)- User is on retail website
  Given User is on retail website                                              # tek.sdet.framework.steps.RetailSteps.userIsOnRetailWebsite()
 INFO [main] (SignInSteps.java:22)- user clicked on Sign in Option
  When User click on Sign in option                                            # tek.sdet.framework.steps.SignInSteps.userClickOnSignInOption()
 INFO [main] (SignInSteps.java:31)- user entered email and password
  And User enter email 'phan1.caphg3@tekschool.us' and password 'Tek@12345678' # tek.sdet.framework.steps.SignInSteps.userEnterEmailAndPassword(java.lang.String,java.lang.String)
 INFO [main] (SignInSteps.java:37)- user clicked on login button
  And User click on login button                                               # tek.sdet.framework.steps.SignInSteps.userClickOnLoginButton()
 INFO [main] (SignInSteps.java:43)- user is logged in into Account
  And User should be logged in into Account                                    # tek.sdet.framework.steps.SignInSteps.userShouldBeLoggedInIntoAccount()
 INFO [main] (RetailAccountSteps.java:52)- User click on Account option
  When User click on Account option                                            # tek.sdet.framework.steps.RetailAccountSteps.UserClickOnAccountOption()
 INFO [main] (RetailAccountSteps.java:212)- user click on edit address option
  And User click on edit address option                                        # tek.sdet.framework.steps.RetailAccountSteps.UserClickOnAddressOption()
 INFO [main] (RetailAccountSteps.java:231)- user fill new address form with below information
  And user fill new address form with below information                        # tek.sdet.framework.steps.RetailAccountSteps.UserFillNewAddressFormWithBelowInformation(io.cucumber.datatable.DataTable)
    | country     | fullName | phoneNumber | streetAddress    | apt | city  | state | zipCode |
    | Afghanistan | Ashra    | 2792049955  | 3219 marconi Ave | 8   | Kabul | Kabul | 95823   |
 INFO [main] (RetailAccountSteps.java:238)- User click update Your Address button
  And User click update Your Address button                                    # tek.sdet.framework.steps.RetailAccountSteps.UserClickUpdateYourAddressButton()
 INFO [main] (RetailAccountSteps.java:245)- Address Updated Successfully
  Then a message will should be displayed 'Address Updated Successfully'       # tek.sdet.framework.steps.RetailAccountSteps.AddressAddedSuccessfully(java.lang.String)
]]></system-out>
    <system-err><![CDATA[Starting Microsoft Edge WebDriver 111.0.1661.54 (9e410ec23a36266fd1bd72da1ffa52ca0cbfab78) on port 62140
To submit feedback, report a bug, or suggest new features, please visit https://github.com/MicrosoftEdge/EdgeWebDriver

Only local connections are allowed.
Please see https://aka.ms/WebDriverSecurity for suggestions on keeping Microsoft Edge WebDriver safe.

Microsoft Edge WebDriver was started successfully.
Mar 29, 2023 11:03:00 PM org.openqa.selenium.remote.ProtocolHandshake createSession
INFO: Detected upstream dialect: W3C
Mar 29, 2023 11:03:00 PM org.openqa.selenium.devtools.CdpVersionFinder findNearestMatch
WARNING: Unable to find an exact match for CDP version 111, so returning the closest version found: a no-op implementation
Mar 29, 2023 11:03:00 PM org.openqa.selenium.devtools.CdpVersionFinder findNearestMatch
INFO: Unable to find CDP implementation matching 111.
Mar 29, 2023 11:03:00 PM org.openqa.selenium.chromium.ChromiumDriver lambda$new$3
WARNING: Unable to find version of CDP to use for . You may need to include a dependency on a specific version of the CDP using something similar to `org.seleniumhq.selenium:selenium-devtools-v86:4.4.0` where the version ("v86") matches the version of the chromium-based browser you're using and the version number of the artifact is the same as Selenium's.
]]></system-err>
  </testcase>
  <testcase name="Verify User can remove Address from Account" classname="Retail Account Page" time="11.045">
    <system-out><![CDATA[
@RemoveAddress @Regration
Scenario: Verify User can remove Address from Account                          # features/RetailAccount.feature:66
{browser=edge, headless=true, url=https://tek-retail-ui.azurewebsites.net/}
 INFO [main] (RetailSteps.java:19)- User is on retail website
  Given User is on retail website                                              # tek.sdet.framework.steps.RetailSteps.userIsOnRetailWebsite()
 INFO [main] (SignInSteps.java:22)- user clicked on Sign in Option
  When User click on Sign in option                                            # tek.sdet.framework.steps.SignInSteps.userClickOnSignInOption()
 INFO [main] (SignInSteps.java:31)- user entered email and password
  And User enter email 'phan1.caphg3@tekschool.us' and password 'Tek@12345678' # tek.sdet.framework.steps.SignInSteps.userEnterEmailAndPassword(java.lang.String,java.lang.String)
 INFO [main] (SignInSteps.java:37)- user clicked on login button
  And User click on login button                                               # tek.sdet.framework.steps.SignInSteps.userClickOnLoginButton()
 INFO [main] (SignInSteps.java:43)- user is logged in into Account
  And User should be logged in into Account                                    # tek.sdet.framework.steps.SignInSteps.userShouldBeLoggedInIntoAccount()
 INFO [main] (RetailAccountSteps.java:52)- User click on Account option
  When User click on Account option                                            # tek.sdet.framework.steps.RetailAccountSteps.UserClickOnAccountOption()
 INFO [main] (RetailAccountSteps.java:253)- User click on remove option of Address section
  And User click on remove option of Address section                           # tek.sdet.framework.steps.RetailAccountSteps.UserClickOnRemoveOptionOfAddressSection()
 INFO [main] (RetailAccountSteps.java:259)- Then Address details should be removed
  Then Address details should be removed                                       # tek.sdet.framework.steps.RetailAccountSteps.AddressDetailsShouldBeRemoved()
]]></system-out>
    <system-err><![CDATA[Starting Microsoft Edge WebDriver 111.0.1661.54 (9e410ec23a36266fd1bd72da1ffa52ca0cbfab78) on port 52230
To submit feedback, report a bug, or suggest new features, please visit https://github.com/MicrosoftEdge/EdgeWebDriver

Only local connections are allowed.
Please see https://aka.ms/WebDriverSecurity for suggestions on keeping Microsoft Edge WebDriver safe.

Microsoft Edge WebDriver was started successfully.
Mar 29, 2023 11:03:13 PM org.openqa.selenium.remote.ProtocolHandshake createSession
INFO: Detected upstream dialect: W3C
Mar 29, 2023 11:03:13 PM org.openqa.selenium.devtools.CdpVersionFinder findNearestMatch
WARNING: Unable to find an exact match for CDP version 111, so returning the closest version found: a no-op implementation
Mar 29, 2023 11:03:13 PM org.openqa.selenium.devtools.CdpVersionFinder findNearestMatch
INFO: Unable to find CDP implementation matching 111.
Mar 29, 2023 11:03:13 PM org.openqa.selenium.chromium.ChromiumDriver lambda$new$3
WARNING: Unable to find version of CDP to use for . You may need to include a dependency on a specific version of the CDP using something similar to `org.seleniumhq.selenium:selenium-devtools-v86:4.4.0` where the version ("v86") matches the version of the chromium-based browser you're using and the version number of the artifact is the same as Selenium's.
]]></system-err>
  </testcase>
  <testcase name="Verify department sidebar options #1" classname="Retail Home Page" time="5.59">
    <system-out><![CDATA[
@retailHomePage @Regration
Scenario Outline: Verify department sidebar options                            # features/RetailHome.feature:20
{browser=edge, headless=true, url=https://tek-retail-ui.azurewebsites.net/}
 INFO [main] (RetailSteps.java:19)- User is on retail website
  Given User is on retail website                                              # tek.sdet.framework.steps.RetailSteps.userIsOnRetailWebsite()
 INFO [main] (SignInSteps.java:22)- user clicked on Sign in Option
  When User click on Sign in option                                            # tek.sdet.framework.steps.SignInSteps.userClickOnSignInOption()
 INFO [main] (SignInSteps.java:31)- user entered email and password
  And User enter email 'phan1.caphg3@tekschool.us' and password 'Tek@12345678' # tek.sdet.framework.steps.SignInSteps.userEnterEmailAndPassword(java.lang.String,java.lang.String)
 INFO [main] (SignInSteps.java:37)- user clicked on login button
  And User click on login button                                               # tek.sdet.framework.steps.SignInSteps.userClickOnLoginButton()
 INFO [main] (SignInSteps.java:43)- user is logged in into Account
  Then User should be logged in into Account                                   # tek.sdet.framework.steps.SignInSteps.userShouldBeLoggedInIntoAccount()
 INFO [main] (HomeSteps.java:28)- User click on All section
  When User click on All section                                               # tek.sdet.framework.steps.HomeSteps.userClickOnAllSection()
  And User on 'Electronics'                                                    # tek.sdet.framework.steps.HomeSteps.userOnDepartment(java.lang.String)
 INFO [main] (HomeSteps.java:60)- TV & VideoThe item is present
 INFO [main] (HomeSteps.java:60)- Video GamesThe item is present
  Then below options are present in department                                 # tek.sdet.framework.steps.HomeSteps.belowOptionsArePresentInDepartment(io.cucumber.datatable.DataTable)
    | TV & Video | Video Games |
]]></system-out>
    <system-err><![CDATA[Starting Microsoft Edge WebDriver 111.0.1661.54 (9e410ec23a36266fd1bd72da1ffa52ca0cbfab78) on port 63289
To submit feedback, report a bug, or suggest new features, please visit https://github.com/MicrosoftEdge/EdgeWebDriver

Only local connections are allowed.
Please see https://aka.ms/WebDriverSecurity for suggestions on keeping Microsoft Edge WebDriver safe.

Microsoft Edge WebDriver was started successfully.
Mar 29, 2023 11:03:24 PM org.openqa.selenium.remote.ProtocolHandshake createSession
INFO: Detected upstream dialect: W3C
Mar 29, 2023 11:03:24 PM org.openqa.selenium.devtools.CdpVersionFinder findNearestMatch
WARNING: Unable to find an exact match for CDP version 111, so returning the closest version found: a no-op implementation
Mar 29, 2023 11:03:24 PM org.openqa.selenium.devtools.CdpVersionFinder findNearestMatch
INFO: Unable to find CDP implementation matching 111.
Mar 29, 2023 11:03:24 PM org.openqa.selenium.chromium.ChromiumDriver lambda$new$3
WARNING: Unable to find version of CDP to use for . You may need to include a dependency on a specific version of the CDP using something similar to `org.seleniumhq.selenium:selenium-devtools-v86:4.4.0` where the version ("v86") matches the version of the chromium-based browser you're using and the version number of the artifact is the same as Selenium's.
]]></system-err>
  </testcase>
  <testcase name="Verify department sidebar options #2" classname="Retail Home Page" time="5.958">
    <system-out><![CDATA[
@retailHomePage @Regration
Scenario Outline: Verify department sidebar options                            # features/RetailHome.feature:21
{browser=edge, headless=true, url=https://tek-retail-ui.azurewebsites.net/}
 INFO [main] (RetailSteps.java:19)- User is on retail website
  Given User is on retail website                                              # tek.sdet.framework.steps.RetailSteps.userIsOnRetailWebsite()
 INFO [main] (SignInSteps.java:22)- user clicked on Sign in Option
  When User click on Sign in option                                            # tek.sdet.framework.steps.SignInSteps.userClickOnSignInOption()
 INFO [main] (SignInSteps.java:31)- user entered email and password
  And User enter email 'phan1.caphg3@tekschool.us' and password 'Tek@12345678' # tek.sdet.framework.steps.SignInSteps.userEnterEmailAndPassword(java.lang.String,java.lang.String)
 INFO [main] (SignInSteps.java:37)- user clicked on login button
  And User click on login button                                               # tek.sdet.framework.steps.SignInSteps.userClickOnLoginButton()
 INFO [main] (SignInSteps.java:43)- user is logged in into Account
  Then User should be logged in into Account                                   # tek.sdet.framework.steps.SignInSteps.userShouldBeLoggedInIntoAccount()
 INFO [main] (HomeSteps.java:28)- User click on All section
  When User click on All section                                               # tek.sdet.framework.steps.HomeSteps.userClickOnAllSection()
  And User on 'Computers'                                                      # tek.sdet.framework.steps.HomeSteps.userOnDepartment(java.lang.String)
 INFO [main] (HomeSteps.java:60)- AccessoriesThe item is present
 INFO [main] (HomeSteps.java:60)- NetworkingThe item is present
  Then below options are present in department                                 # tek.sdet.framework.steps.HomeSteps.belowOptionsArePresentInDepartment(io.cucumber.datatable.DataTable)
    | Accessories | Networking |
]]></system-out>
    <system-err><![CDATA[Starting Microsoft Edge WebDriver 111.0.1661.54 (9e410ec23a36266fd1bd72da1ffa52ca0cbfab78) on port 50570
To submit feedback, report a bug, or suggest new features, please visit https://github.com/MicrosoftEdge/EdgeWebDriver

Only local connections are allowed.
Please see https://aka.ms/WebDriverSecurity for suggestions on keeping Microsoft Edge WebDriver safe.

Microsoft Edge WebDriver was started successfully.
Mar 29, 2023 11:03:30 PM org.openqa.selenium.remote.ProtocolHandshake createSession
INFO: Detected upstream dialect: W3C
Mar 29, 2023 11:03:30 PM org.openqa.selenium.devtools.CdpVersionFinder findNearestMatch
WARNING: Unable to find an exact match for CDP version 111, so returning the closest version found: a no-op implementation
Mar 29, 2023 11:03:30 PM org.openqa.selenium.devtools.CdpVersionFinder findNearestMatch
INFO: Unable to find CDP implementation matching 111.
Mar 29, 2023 11:03:30 PM org.openqa.selenium.chromium.ChromiumDriver lambda$new$3
WARNING: Unable to find version of CDP to use for . You may need to include a dependency on a specific version of the CDP using something similar to `org.seleniumhq.selenium:selenium-devtools-v86:4.4.0` where the version ("v86") matches the version of the chromium-based browser you're using and the version number of the artifact is the same as Selenium's.
]]></system-err>
  </testcase>
  <testcase name="Verify department sidebar options #3" classname="Retail Home Page" time="5.898">
    <system-out><![CDATA[
@retailHomePage @Regration
Scenario Outline: Verify department sidebar options                            # features/RetailHome.feature:22
{browser=edge, headless=true, url=https://tek-retail-ui.azurewebsites.net/}
 INFO [main] (RetailSteps.java:19)- User is on retail website
  Given User is on retail website                                              # tek.sdet.framework.steps.RetailSteps.userIsOnRetailWebsite()
 INFO [main] (SignInSteps.java:22)- user clicked on Sign in Option
  When User click on Sign in option                                            # tek.sdet.framework.steps.SignInSteps.userClickOnSignInOption()
 INFO [main] (SignInSteps.java:31)- user entered email and password
  And User enter email 'phan1.caphg3@tekschool.us' and password 'Tek@12345678' # tek.sdet.framework.steps.SignInSteps.userEnterEmailAndPassword(java.lang.String,java.lang.String)
 INFO [main] (SignInSteps.java:37)- user clicked on login button
  And User click on login button                                               # tek.sdet.framework.steps.SignInSteps.userClickOnLoginButton()
 INFO [main] (SignInSteps.java:43)- user is logged in into Account
  Then User should be logged in into Account                                   # tek.sdet.framework.steps.SignInSteps.userShouldBeLoggedInIntoAccount()
 INFO [main] (HomeSteps.java:28)- User click on All section
  When User click on All section                                               # tek.sdet.framework.steps.HomeSteps.userClickOnAllSection()
  And User on 'Smart Home'                                                     # tek.sdet.framework.steps.HomeSteps.userOnDepartment(java.lang.String)
 INFO [main] (HomeSteps.java:60)- Smart Home LightningThe item is present
 INFO [main] (HomeSteps.java:60)- Plugs and OutletsThe item is present
  Then below options are present in department                                 # tek.sdet.framework.steps.HomeSteps.belowOptionsArePresentInDepartment(io.cucumber.datatable.DataTable)
    | Smart Home Lightning | Plugs and Outlets |
]]></system-out>
    <system-err><![CDATA[Starting Microsoft Edge WebDriver 111.0.1661.54 (9e410ec23a36266fd1bd72da1ffa52ca0cbfab78) on port 61764
To submit feedback, report a bug, or suggest new features, please visit https://github.com/MicrosoftEdge/EdgeWebDriver

Only local connections are allowed.
Please see https://aka.ms/WebDriverSecurity for suggestions on keeping Microsoft Edge WebDriver safe.

Microsoft Edge WebDriver was started successfully.
Mar 29, 2023 11:03:36 PM org.openqa.selenium.remote.ProtocolHandshake createSession
INFO: Detected upstream dialect: W3C
Mar 29, 2023 11:03:36 PM org.openqa.selenium.devtools.CdpVersionFinder findNearestMatch
WARNING: Unable to find an exact match for CDP version 111, so returning the closest version found: a no-op implementation
Mar 29, 2023 11:03:36 PM org.openqa.selenium.devtools.CdpVersionFinder findNearestMatch
INFO: Unable to find CDP implementation matching 111.
Mar 29, 2023 11:03:36 PM org.openqa.selenium.chromium.ChromiumDriver lambda$new$3
WARNING: Unable to find version of CDP to use for . You may need to include a dependency on a specific version of the CDP using something similar to `org.seleniumhq.selenium:selenium-devtools-v86:4.4.0` where the version ("v86") matches the version of the chromium-based browser you're using and the version number of the artifact is the same as Selenium's.
]]></system-err>
  </testcase>
  <testcase name="Verify department sidebar options #4" classname="Retail Home Page" time="5.616">
    <system-out><![CDATA[
@retailHomePage @Regration
Scenario Outline: Verify department sidebar options                            # features/RetailHome.feature:23
{browser=edge, headless=true, url=https://tek-retail-ui.azurewebsites.net/}
 INFO [main] (RetailSteps.java:19)- User is on retail website
  Given User is on retail website                                              # tek.sdet.framework.steps.RetailSteps.userIsOnRetailWebsite()
 INFO [main] (SignInSteps.java:22)- user clicked on Sign in Option
  When User click on Sign in option                                            # tek.sdet.framework.steps.SignInSteps.userClickOnSignInOption()
 INFO [main] (SignInSteps.java:31)- user entered email and password
  And User enter email 'phan1.caphg3@tekschool.us' and password 'Tek@12345678' # tek.sdet.framework.steps.SignInSteps.userEnterEmailAndPassword(java.lang.String,java.lang.String)
 INFO [main] (SignInSteps.java:37)- user clicked on login button
  And User click on login button                                               # tek.sdet.framework.steps.SignInSteps.userClickOnLoginButton()
 INFO [main] (SignInSteps.java:43)- user is logged in into Account
  Then User should be logged in into Account                                   # tek.sdet.framework.steps.SignInSteps.userShouldBeLoggedInIntoAccount()
 INFO [main] (HomeSteps.java:28)- User click on All section
  When User click on All section                                               # tek.sdet.framework.steps.HomeSteps.userClickOnAllSection()
  And User on 'Sports'                                                         # tek.sdet.framework.steps.HomeSteps.userOnDepartment(java.lang.String)
 INFO [main] (HomeSteps.java:60)- Athletic ClothingThe item is present
 INFO [main] (HomeSteps.java:60)- Exercise & FitnessThe item is present
  Then below options are present in department                                 # tek.sdet.framework.steps.HomeSteps.belowOptionsArePresentInDepartment(io.cucumber.datatable.DataTable)
    | Athletic Clothing | Exercise & Fitness |
]]></system-out>
    <system-err><![CDATA[Starting Microsoft Edge WebDriver 111.0.1661.54 (9e410ec23a36266fd1bd72da1ffa52ca0cbfab78) on port 59248
To submit feedback, report a bug, or suggest new features, please visit https://github.com/MicrosoftEdge/EdgeWebDriver

Only local connections are allowed.
Please see https://aka.ms/WebDriverSecurity for suggestions on keeping Microsoft Edge WebDriver safe.

Microsoft Edge WebDriver was started successfully.
Mar 29, 2023 11:03:42 PM org.openqa.selenium.remote.ProtocolHandshake createSession
INFO: Detected upstream dialect: W3C
Mar 29, 2023 11:03:42 PM org.openqa.selenium.devtools.CdpVersionFinder findNearestMatch
WARNING: Unable to find an exact match for CDP version 111, so returning the closest version found: a no-op implementation
Mar 29, 2023 11:03:42 PM org.openqa.selenium.devtools.CdpVersionFinder findNearestMatch
INFO: Unable to find CDP implementation matching 111.
Mar 29, 2023 11:03:42 PM org.openqa.selenium.chromium.ChromiumDriver lambda$new$3
WARNING: Unable to find version of CDP to use for . You may need to include a dependency on a specific version of the CDP using something similar to `org.seleniumhq.selenium:selenium-devtools-v86:4.4.0` where the version ("v86") matches the version of the chromium-based browser you're using and the version number of the artifact is the same as Selenium's.
]]></system-err>
  </testcase>
  <testcase name="Verify department sidebar options #5" classname="Retail Home Page" time="5.605">
    <system-out><![CDATA[
@retailHomePage @Regration
Scenario Outline: Verify department sidebar options                            # features/RetailHome.feature:24
{browser=edge, headless=true, url=https://tek-retail-ui.azurewebsites.net/}
 INFO [main] (RetailSteps.java:19)- User is on retail website
  Given User is on retail website                                              # tek.sdet.framework.steps.RetailSteps.userIsOnRetailWebsite()
 INFO [main] (SignInSteps.java:22)- user clicked on Sign in Option
  When User click on Sign in option                                            # tek.sdet.framework.steps.SignInSteps.userClickOnSignInOption()
 INFO [main] (SignInSteps.java:31)- user entered email and password
  And User enter email 'phan1.caphg3@tekschool.us' and password 'Tek@12345678' # tek.sdet.framework.steps.SignInSteps.userEnterEmailAndPassword(java.lang.String,java.lang.String)
 INFO [main] (SignInSteps.java:37)- user clicked on login button
  And User click on login button                                               # tek.sdet.framework.steps.SignInSteps.userClickOnLoginButton()
 INFO [main] (SignInSteps.java:43)- user is logged in into Account
  Then User should be logged in into Account                                   # tek.sdet.framework.steps.SignInSteps.userShouldBeLoggedInIntoAccount()
 INFO [main] (HomeSteps.java:28)- User click on All section
  When User click on All section                                               # tek.sdet.framework.steps.HomeSteps.userClickOnAllSection()
  And User on 'Automotive'                                                     # tek.sdet.framework.steps.HomeSteps.userOnDepartment(java.lang.String)
  Then below options are present in department                                 # tek.sdet.framework.steps.HomeSteps.belowOptionsArePresentInDepartment(io.cucumber.datatable.DataTable)
    | Automative Parts & Accessories | MotorCycle & Powersports |
]]></system-out>
    <system-err><![CDATA[Starting Microsoft Edge WebDriver 111.0.1661.54 (9e410ec23a36266fd1bd72da1ffa52ca0cbfab78) on port 54907
To submit feedback, report a bug, or suggest new features, please visit https://github.com/MicrosoftEdge/EdgeWebDriver

Only local connections are allowed.
Please see https://aka.ms/WebDriverSecurity for suggestions on keeping Microsoft Edge WebDriver safe.

Microsoft Edge WebDriver was started successfully.
Mar 29, 2023 11:03:47 PM org.openqa.selenium.remote.ProtocolHandshake createSession
INFO: Detected upstream dialect: W3C
Mar 29, 2023 11:03:47 PM org.openqa.selenium.devtools.CdpVersionFinder findNearestMatch
WARNING: Unable to find an exact match for CDP version 111, so returning the closest version found: a no-op implementation
Mar 29, 2023 11:03:47 PM org.openqa.selenium.devtools.CdpVersionFinder findNearestMatch
INFO: Unable to find CDP implementation matching 111.
Mar 29, 2023 11:03:47 PM org.openqa.selenium.chromium.ChromiumDriver lambda$new$3
WARNING: Unable to find version of CDP to use for . You may need to include a dependency on a specific version of the CDP using something similar to `org.seleniumhq.selenium:selenium-devtools-v86:4.4.0` where the version ("v86") matches the version of the chromium-based browser you're using and the version number of the artifact is the same as Selenium's.
]]></system-err>
  </testcase>
  <testcase name="Verify User can add an item to cart" classname="Retail Home Page" time="9.359">
    <system-out><![CDATA[
@addItemtocart @Regration
Scenario: Verify User can add an item to cart                                  # features/RetailHome.feature:28
{browser=edge, headless=true, url=https://tek-retail-ui.azurewebsites.net/}
 INFO [main] (RetailSteps.java:19)- User is on retail website
  Given User is on retail website                                              # tek.sdet.framework.steps.RetailSteps.userIsOnRetailWebsite()
 INFO [main] (SignInSteps.java:22)- user clicked on Sign in Option
  When User click on Sign in option                                            # tek.sdet.framework.steps.SignInSteps.userClickOnSignInOption()
 INFO [main] (SignInSteps.java:31)- user entered email and password
  And User enter email 'phan1.caphg3@tekschool.us' and password 'Tek@12345678' # tek.sdet.framework.steps.SignInSteps.userEnterEmailAndPassword(java.lang.String,java.lang.String)
 INFO [main] (SignInSteps.java:37)- user clicked on login button
  And User click on login button                                               # tek.sdet.framework.steps.SignInSteps.userClickOnLoginButton()
 INFO [main] (SignInSteps.java:43)- user is logged in into Account
  Then User should be logged in into Account                                   # tek.sdet.framework.steps.SignInSteps.userShouldBeLoggedInIntoAccount()
 INFO [main] (HomeSteps.java:75)- user clicked on catagory to change it
  And User change the category to 'Smart Home'                                 # tek.sdet.framework.steps.HomeSteps.userChangeTheCategoryTo(java.lang.String)
 INFO [main] (HomeSteps.java:80)- user searched for the item
  And User search for an item 'kasa outdoor smart plug'                        # tek.sdet.framework.steps.HomeSteps.user_search_for_an_item1(java.lang.String)
 INFO [main] (HomeSteps.java:85)- user clicked on search button
  And User click on Search icon                                                # tek.sdet.framework.steps.HomeSteps.user_click_on_search_icon1()
 INFO [main] (HomeSteps.java:90)- user clicked one the item
  And User click on item                                                       # tek.sdet.framework.steps.HomeSteps.userClickOnItem()
 INFO [main] (HomeSteps.java:96)- user selected for qty
  And User select quantity '2'                                                 # tek.sdet.framework.steps.HomeSteps.user_select_quantity(java.lang.String)
 INFO [main] (HomeSteps.java:101)- user clicked on add to card button
  And User click add to Cart button                                            # tek.sdet.framework.steps.HomeSteps.UserClickAddToCartButton1()
 INFO [main] (HomeSteps.java:107)- the qty icon is changed
  Then the cart icon quantity should change to '2'                             # tek.sdet.framework.steps.HomeSteps.the_cart_icon_quantity_should_change_to(java.lang.String)
]]></system-out>
    <system-err><![CDATA[Starting Microsoft Edge WebDriver 111.0.1661.54 (9e410ec23a36266fd1bd72da1ffa52ca0cbfab78) on port 54297
To submit feedback, report a bug, or suggest new features, please visit https://github.com/MicrosoftEdge/EdgeWebDriver

Only local connections are allowed.
Please see https://aka.ms/WebDriverSecurity for suggestions on keeping Microsoft Edge WebDriver safe.

Microsoft Edge WebDriver was started successfully.
Mar 29, 2023 11:03:53 PM org.openqa.selenium.remote.ProtocolHandshake createSession
INFO: Detected upstream dialect: W3C
Mar 29, 2023 11:03:53 PM org.openqa.selenium.devtools.CdpVersionFinder findNearestMatch
WARNING: Unable to find an exact match for CDP version 111, so returning the closest version found: a no-op implementation
Mar 29, 2023 11:03:53 PM org.openqa.selenium.devtools.CdpVersionFinder findNearestMatch
INFO: Unable to find CDP implementation matching 111.
Mar 29, 2023 11:03:53 PM org.openqa.selenium.chromium.ChromiumDriver lambda$new$3
WARNING: Unable to find version of CDP to use for . You may need to include a dependency on a specific version of the CDP using something similar to `org.seleniumhq.selenium:selenium-devtools-v86:4.4.0` where the version ("v86") matches the version of the chromium-based browser you're using and the version number of the artifact is the same as Selenium's.
]]></system-err>
  </testcase>
  <testcase name="Verify User can place an order without Shipping address and payment Method on file" classname="Retail Home Page" time="15.209">
    <system-out><![CDATA[
@UserPlaceOrder @Regration
Scenario: Verify User can place an order without Shipping address and payment Method on file # features/RetailHome.feature:38
{browser=edge, headless=true, url=https://tek-retail-ui.azurewebsites.net/}
 INFO [main] (RetailSteps.java:19)- User is on retail website
  Given User is on retail website                                                            # tek.sdet.framework.steps.RetailSteps.userIsOnRetailWebsite()
 INFO [main] (SignInSteps.java:22)- user clicked on Sign in Option
  When User click on Sign in option                                                          # tek.sdet.framework.steps.SignInSteps.userClickOnSignInOption()
 INFO [main] (SignInSteps.java:31)- user entered email and password
  And User enter email 'phan1.caphg3@tekschool.us' and password 'Tek@12345678'               # tek.sdet.framework.steps.SignInSteps.userEnterEmailAndPassword(java.lang.String,java.lang.String)
 INFO [main] (SignInSteps.java:37)- user clicked on login button
  And User click on login button                                                             # tek.sdet.framework.steps.SignInSteps.userClickOnLoginButton()
 INFO [main] (SignInSteps.java:43)- user is logged in into Account
  Then User should be logged in into Account                                                 # tek.sdet.framework.steps.SignInSteps.userShouldBeLoggedInIntoAccount()
 INFO [main] (HomeSteps.java:112)- user clicked on add to card option 
  And User click on Cart option                                                              # tek.sdet.framework.steps.HomeSteps.user_click_on_cart_option()
 INFO [main] (HomeSteps.java:117)- user clicked on proceedBtn
  And User click on Proceed to Checkout button                                               # tek.sdet.framework.steps.HomeSteps.user_click_on_proceed_to_checkout_button()
 INFO [main] (HomeSteps.java:122)- user clicked on add new address link
  And User click Add a new address link for shipping address                                 # tek.sdet.framework.steps.HomeSteps.user_click_add_a_new_address_link_for_shipping_address()
 INFO [main] (RetailAccountSteps.java:142)- user filled the address form
  And User fill new address form with below information                                      # tek.sdet.framework.steps.RetailAccountSteps.userFillThenewAddressForm(io.cucumber.datatable.DataTable)
    | country       | fullName | phoneNumber | streetAddress  | apt | city       | state      | zipCode |
    | United States | fawad    | 9167774563  | 932 estern Ave | 12  | Sacramento | California | 98765   |
 INFO [main] (HomeSteps.java:129)- User Clicked on cardButton
  And User click Add Your Address button link                                                # tek.sdet.framework.steps.HomeSteps.userClickOnAddCardBtnLink()
 INFO [main] (HomeSteps.java:134)- user clicked on add cart Btn
  And User click add a Cridet or Debit Card button for payement method                       # tek.sdet.framework.steps.HomeSteps.userClickeAddACreditOrDebitCardPayMeth()
 INFO [main] (HomeSteps.java:144)- User entered the card information
  And User fill below card information                                                       # tek.sdet.framework.steps.HomeSteps.user_fill_below_card_information(io.cucumber.datatable.DataTable)
    | cardNumber       | nameOnCard | expirationMonth | expirationYear | securityCode |
    | 6011621442452371 | Ali        | 11              | 2029           | 334          |
 INFO [main] (HomeSteps.java:150)- User Clicked on cardButton
  And User click on Add card button                                                          # tek.sdet.framework.steps.HomeSteps.userClickOnAddCardBtn()
 INFO [main] (HomeSteps.java:156)- User Clicked on place order Btn
  And User click on Place Your Order                                                         # tek.sdet.framework.steps.HomeSteps.User_click_Place_Your_Order_button()
 INFO [main] (HomeSteps.java:163)- Order placed,thanks
  Then a message Will be display 'Order Placed, Thanks'                                      # tek.sdet.framework.steps.HomeSteps.amessageshouldbedisplayOrderPlaced(java.lang.String)
]]></system-out>
    <system-err><![CDATA[Starting Microsoft Edge WebDriver 111.0.1661.54 (9e410ec23a36266fd1bd72da1ffa52ca0cbfab78) on port 55669
To submit feedback, report a bug, or suggest new features, please visit https://github.com/MicrosoftEdge/EdgeWebDriver

Only local connections are allowed.
Please see https://aka.ms/WebDriverSecurity for suggestions on keeping Microsoft Edge WebDriver safe.

Microsoft Edge WebDriver was started successfully.
Mar 29, 2023 11:04:02 PM org.openqa.selenium.remote.ProtocolHandshake createSession
INFO: Detected upstream dialect: W3C
Mar 29, 2023 11:04:02 PM org.openqa.selenium.devtools.CdpVersionFinder findNearestMatch
WARNING: Unable to find an exact match for CDP version 111, so returning the closest version found: a no-op implementation
Mar 29, 2023 11:04:02 PM org.openqa.selenium.devtools.CdpVersionFinder findNearestMatch
INFO: Unable to find CDP implementation matching 111.
Mar 29, 2023 11:04:02 PM org.openqa.selenium.chromium.ChromiumDriver lambda$new$3
WARNING: Unable to find version of CDP to use for . You may need to include a dependency on a specific version of the CDP using something similar to `org.seleniumhq.selenium:selenium-devtools-v86:4.4.0` where the version ("v86") matches the version of the chromium-based browser you're using and the version number of the artifact is the same as Selenium's.
]]></system-err>
  </testcase>
  <testcase name="Verify User can place an order with Shipping address and payment Method on file" classname="Retail Home Page" time="11.945">
    <system-out><![CDATA[
@FinelTest @Regration
Scenario: Verify User can place an order with Shipping address and payment Method on file # features/RetailHome.feature:56
{browser=edge, headless=true, url=https://tek-retail-ui.azurewebsites.net/}
 INFO [main] (RetailSteps.java:19)- User is on retail website
  Given User is on retail website                                                         # tek.sdet.framework.steps.RetailSteps.userIsOnRetailWebsite()
 INFO [main] (SignInSteps.java:22)- user clicked on Sign in Option
  When User click on Sign in option                                                       # tek.sdet.framework.steps.SignInSteps.userClickOnSignInOption()
 INFO [main] (SignInSteps.java:31)- user entered email and password
  And User enter email 'phan1.caphg3@tekschool.us' and password 'Tek@12345678'            # tek.sdet.framework.steps.SignInSteps.userEnterEmailAndPassword(java.lang.String,java.lang.String)
 INFO [main] (SignInSteps.java:37)- user clicked on login button
  And User click on login button                                                          # tek.sdet.framework.steps.SignInSteps.userClickOnLoginButton()
 INFO [main] (SignInSteps.java:43)- user is logged in into Account
  Then User should be logged in into Account                                              # tek.sdet.framework.steps.SignInSteps.userShouldBeLoggedInIntoAccount()
 INFO [main] (HomeSteps.java:75)- user clicked on catagory to change it
  And User change the category to 'Electronics'                                           # tek.sdet.framework.steps.HomeSteps.userChangeTheCategoryTo(java.lang.String)
 INFO [main] (HomeSteps.java:80)- user searched for the item
  And User search for an item 'Apex Legends'                                              # tek.sdet.framework.steps.HomeSteps.user_search_for_an_item1(java.lang.String)
 INFO [main] (HomeSteps.java:85)- user clicked on search button
  And User click on Search icon                                                           # tek.sdet.framework.steps.HomeSteps.user_click_on_search_icon1()
 INFO [main] (HomeSteps.java:90)- user clicked one the item
  And User click on item                                                                  # tek.sdet.framework.steps.HomeSteps.userClickOnItem()
 INFO [main] (HomeSteps.java:96)- user selected for qty
  And User select quantity '5'                                                            # tek.sdet.framework.steps.HomeSteps.user_select_quantity(java.lang.String)
 INFO [main] (HomeSteps.java:101)- user clicked on add to card button
  And User click add to Cart button                                                       # tek.sdet.framework.steps.HomeSteps.UserClickAddToCartButton1()
 INFO [main] (HomeSteps.java:107)- the qty icon is changed
  Then the cart icon quantity should change to '5'                                        # tek.sdet.framework.steps.HomeSteps.the_cart_icon_quantity_should_change_to(java.lang.String)
 INFO [main] (HomeSteps.java:112)- user clicked on add to card option 
  And User click on Cart option                                                           # tek.sdet.framework.steps.HomeSteps.user_click_on_cart_option()
 INFO [main] (HomeSteps.java:117)- user clicked on proceedBtn
  And User click on Proceed to Checkout button                                            # tek.sdet.framework.steps.HomeSteps.user_click_on_proceed_to_checkout_button()
 INFO [main] (HomeSteps.java:156)- User Clicked on place order Btn
  And User click on Place Your Order                                                      # tek.sdet.framework.steps.HomeSteps.User_click_Place_Your_Order_button()
 INFO [main] (HomeSteps.java:163)- Order placed,thanks
  Then a message Will be display 'Order Placed, Thanks'                                   # tek.sdet.framework.steps.HomeSteps.amessageshouldbedisplayOrderPlaced(java.lang.String)
]]></system-out>
    <system-err><![CDATA[Starting Microsoft Edge WebDriver 111.0.1661.54 (9e410ec23a36266fd1bd72da1ffa52ca0cbfab78) on port 61682
To submit feedback, report a bug, or suggest new features, please visit https://github.com/MicrosoftEdge/EdgeWebDriver

Only local connections are allowed.
Please see https://aka.ms/WebDriverSecurity for suggestions on keeping Microsoft Edge WebDriver safe.

Microsoft Edge WebDriver was started successfully.
Mar 29, 2023 11:04:17 PM org.openqa.selenium.remote.ProtocolHandshake createSession
INFO: Detected upstream dialect: W3C
Mar 29, 2023 11:04:17 PM org.openqa.selenium.devtools.CdpVersionFinder findNearestMatch
WARNING: Unable to find an exact match for CDP version 111, so returning the closest version found: a no-op implementation
Mar 29, 2023 11:04:17 PM org.openqa.selenium.devtools.CdpVersionFinder findNearestMatch
INFO: Unable to find CDP implementation matching 111.
Mar 29, 2023 11:04:17 PM org.openqa.selenium.chromium.ChromiumDriver lambda$new$3
WARNING: Unable to find version of CDP to use for . You may need to include a dependency on a specific version of the CDP using something similar to `org.seleniumhq.selenium:selenium-devtools-v86:4.4.0` where the version ("v86") matches the version of the chromium-based browser you're using and the version number of the artifact is the same as Selenium's.
]]></system-err>
  </testcase>
  <testcase name="Verify User can cancel the order" classname="Retail order Page" time="6.406">
    <system-out><![CDATA[
@CancelOrder @Regration
Scenario: Verify User can cancel the order                                       # features/RetailOrder.feature:11
{browser=edge, headless=true, url=https://tek-retail-ui.azurewebsites.net/}
 INFO [main] (RetailSteps.java:19)- User is on retail website
  Given User is on retail website                                                # tek.sdet.framework.steps.RetailSteps.userIsOnRetailWebsite()
 INFO [main] (SignInSteps.java:22)- user clicked on Sign in Option
  When User click on Sign in option                                              # tek.sdet.framework.steps.SignInSteps.userClickOnSignInOption()
 INFO [main] (SignInSteps.java:31)- user entered email and password
  And User enter email 'phan1.caphg3@tekschool.us' and password 'Tek@12345678'   # tek.sdet.framework.steps.SignInSteps.userEnterEmailAndPassword(java.lang.String,java.lang.String)
 INFO [main] (SignInSteps.java:37)- user clicked on login button
  And User click on login button                                                 # tek.sdet.framework.steps.SignInSteps.userClickOnLoginButton()
 INFO [main] (SignInSteps.java:43)- user is logged in into Account
  And User should be logged in into Account                                      # tek.sdet.framework.steps.SignInSteps.userShouldBeLoggedInIntoAccount()
 INFO [main] (RetailOrderSteps.java:22)- User click on Orders section
  And User click on Orders section                                               # tek.sdet.framework.steps.RetailOrderSteps.userClickOnOrdersSection()
 INFO [main] (RetailOrderSteps.java:27)- User click on first order in list
  And User click on first order in list                                          # tek.sdet.framework.steps.RetailOrderSteps.userClickOnFirstOrderInList()
 INFO [main] (RetailOrderSteps.java:32)- User click on Cancel The Order button
  And User click on Cancel The Order button                                      # tek.sdet.framework.steps.RetailOrderSteps.userClickOnCancelTheOrderButton()
 INFO [main] (RetailOrderSteps.java:39)- user selected the cancellation reason
  And User select the cancelation Reason 'Bought wrong item'                     # tek.sdet.framework.steps.RetailOrderSteps.userSelectTheCancelationReasonBoughtWrongItem(java.lang.String)
 INFO [main] (RetailOrderSteps.java:44)- User click on Cancel Order button
  And User click on Cancel Order button                                          # tek.sdet.framework.steps.RetailOrderSteps.userClickOnCancelOrderButton()
 INFO [main] (RetailOrderSteps.java:50)- order cancelled
  Then a cancelation message should be displayed 'Your Order Has Been Cancelled' # tek.sdet.framework.steps.RetailOrderSteps.aCancelationMessageShouldBeDisplayedYourOrderHasBeenCancelled(java.lang.String)
]]></system-out>
    <system-err><![CDATA[Starting Microsoft Edge WebDriver 111.0.1661.54 (9e410ec23a36266fd1bd72da1ffa52ca0cbfab78) on port 52393
To submit feedback, report a bug, or suggest new features, please visit https://github.com/MicrosoftEdge/EdgeWebDriver

Only local connections are allowed.
Please see https://aka.ms/WebDriverSecurity for suggestions on keeping Microsoft Edge WebDriver safe.

Microsoft Edge WebDriver was started successfully.
Mar 29, 2023 11:04:29 PM org.openqa.selenium.remote.ProtocolHandshake createSession
INFO: Detected upstream dialect: W3C
Mar 29, 2023 11:04:29 PM org.openqa.selenium.devtools.CdpVersionFinder findNearestMatch
WARNING: Unable to find an exact match for CDP version 111, so returning the closest version found: a no-op implementation
Mar 29, 2023 11:04:29 PM org.openqa.selenium.devtools.CdpVersionFinder findNearestMatch
INFO: Unable to find CDP implementation matching 111.
Mar 29, 2023 11:04:29 PM org.openqa.selenium.chromium.ChromiumDriver lambda$new$3
WARNING: Unable to find version of CDP to use for . You may need to include a dependency on a specific version of the CDP using something similar to `org.seleniumhq.selenium:selenium-devtools-v86:4.4.0` where the version ("v86") matches the version of the chromium-based browser you're using and the version number of the artifact is the same as Selenium's.
]]></system-err>
  </testcase>
  <testcase name="Verify User can Return the order" classname="Retail order Page" time="9.785">
    <system-out><![CDATA[
@ReturnOrder @Regration
Scenario: Verify User can Return the order                                     # features/RetailOrder.feature:20
{browser=edge, headless=true, url=https://tek-retail-ui.azurewebsites.net/}
 INFO [main] (RetailSteps.java:19)- User is on retail website
  Given User is on retail website                                              # tek.sdet.framework.steps.RetailSteps.userIsOnRetailWebsite()
 INFO [main] (SignInSteps.java:22)- user clicked on Sign in Option
  When User click on Sign in option                                            # tek.sdet.framework.steps.SignInSteps.userClickOnSignInOption()
 INFO [main] (SignInSteps.java:31)- user entered email and password
  And User enter email 'phan1.caphg3@tekschool.us' and password 'Tek@12345678' # tek.sdet.framework.steps.SignInSteps.userEnterEmailAndPassword(java.lang.String,java.lang.String)
 INFO [main] (SignInSteps.java:37)- user clicked on login button
  And User click on login button                                               # tek.sdet.framework.steps.SignInSteps.userClickOnLoginButton()
 INFO [main] (SignInSteps.java:43)- user is logged in into Account
  And User should be logged in into Account                                    # tek.sdet.framework.steps.SignInSteps.userShouldBeLoggedInIntoAccount()
 INFO [main] (RetailOrderSteps.java:22)- User click on Orders section
  And User click on Orders section                                             # tek.sdet.framework.steps.RetailOrderSteps.userClickOnOrdersSection()
 INFO [main] (RetailOrderSteps.java:27)- User click on first order in list
  And User click on first order in list                                        # tek.sdet.framework.steps.RetailOrderSteps.userClickOnFirstOrderInList()
 INFO [main] (RetailOrderSteps.java:59)- User click on Return Items button
  And User click on Return Items button                                        # tek.sdet.framework.steps.RetailOrderSteps.userClickOnReturnItemsButton()
 INFO [main] (RetailOrderSteps.java:67)- User select the Return Reason 'Item damaged'
  And User select the Return Reason 'Item damaged'                             # tek.sdet.framework.steps.RetailOrderSteps.userSelectTheReturnReasonItemDamaged(java.lang.String)
 INFO [main] (RetailOrderSteps.java:76)- User select the drop off service 'FedEx'
  And User select the drop off service 'FedEx'                                 # tek.sdet.framework.steps.RetailOrderSteps.userSelectTheDropOffServiceFedEx(java.lang.String)
 INFO [main] (RetailOrderSteps.java:83)- User click on Return Order button
  And User click on Return Order button                                        # tek.sdet.framework.steps.RetailOrderSteps.userClickOnReturnOrderButton()
 INFO [main] (RetailOrderSteps.java:91)- order returned
  Then a cancelation message shouldd be displayed 'Return was successful'      # tek.sdet.framework.steps.RetailOrderSteps.aCancelationMessageShouldBeDisplayedReturnWasSuccessful(java.lang.String)
]]></system-out>
    <system-err><![CDATA[Starting Microsoft Edge WebDriver 111.0.1661.54 (9e410ec23a36266fd1bd72da1ffa52ca0cbfab78) on port 59795
To submit feedback, report a bug, or suggest new features, please visit https://github.com/MicrosoftEdge/EdgeWebDriver

Only local connections are allowed.
Please see https://aka.ms/WebDriverSecurity for suggestions on keeping Microsoft Edge WebDriver safe.

Microsoft Edge WebDriver was started successfully.
Mar 29, 2023 11:04:36 PM org.openqa.selenium.remote.ProtocolHandshake createSession
INFO: Detected upstream dialect: W3C
Mar 29, 2023 11:04:36 PM org.openqa.selenium.devtools.CdpVersionFinder findNearestMatch
WARNING: Unable to find an exact match for CDP version 111, so returning the closest version found: a no-op implementation
Mar 29, 2023 11:04:36 PM org.openqa.selenium.devtools.CdpVersionFinder findNearestMatch
INFO: Unable to find CDP implementation matching 111.
Mar 29, 2023 11:04:36 PM org.openqa.selenium.chromium.ChromiumDriver lambda$new$3
WARNING: Unable to find version of CDP to use for . You may need to include a dependency on a specific version of the CDP using something similar to `org.seleniumhq.selenium:selenium-devtools-v86:4.4.0` where the version ("v86") matches the version of the chromium-based browser you're using and the version number of the artifact is the same as Selenium's.
]]></system-err>
  </testcase>
  <testcase name="Verify User can write a review on order placed" classname="Retail order Page" time="17.992">
    <system-out><![CDATA[
@ReviweOrder @Regration
Scenario: Verify User can write a review on order placed                         # features/RetailOrder.feature:30
{browser=edge, headless=true, url=https://tek-retail-ui.azurewebsites.net/}
 INFO [main] (RetailSteps.java:19)- User is on retail website
  Given User is on retail website                                                # tek.sdet.framework.steps.RetailSteps.userIsOnRetailWebsite()
 INFO [main] (SignInSteps.java:22)- user clicked on Sign in Option
  When User click on Sign in option                                              # tek.sdet.framework.steps.SignInSteps.userClickOnSignInOption()
 INFO [main] (SignInSteps.java:31)- user entered email and password
  And User enter email 'phan1.caphg3@tekschool.us' and password 'Tek@12345678'   # tek.sdet.framework.steps.SignInSteps.userEnterEmailAndPassword(java.lang.String,java.lang.String)
 INFO [main] (SignInSteps.java:37)- user clicked on login button
  And User click on login button                                                 # tek.sdet.framework.steps.SignInSteps.userClickOnLoginButton()
 INFO [main] (SignInSteps.java:43)- user is logged in into Account
  And User should be logged in into Account                                      # tek.sdet.framework.steps.SignInSteps.userShouldBeLoggedInIntoAccount()
 INFO [main] (RetailOrderSteps.java:22)- User click on Orders section
  And User click on Orders section                                               # tek.sdet.framework.steps.RetailOrderSteps.userClickOnOrdersSection()
 INFO [main] (RetailOrderSteps.java:27)- User click on first order in list
  And User click on first order in list                                          # tek.sdet.framework.steps.RetailOrderSteps.userClickOnFirstOrderInList()
 INFO [main] (RetailOrderSteps.java:109)- User clicked on review button
  And User click on Review button                                                # tek.sdet.framework.steps.RetailOrderSteps.UserClickOnReviewButton()
 INFO [main] (RetailOrderSteps.java:118)- User clicked added headline value and review text
  And User write Review headline 'This was a good item' and 'good'               # tek.sdet.framework.steps.RetailOrderSteps.userWriteReviewHeadlineAnd(java.lang.String,java.lang.String)
 INFO [main] (RetailOrderSteps.java:124)- User clicked on add review button
  And User click Add your Review button                                          # tek.sdet.framework.steps.RetailOrderSteps.UserClickAddYourReviewButton()
 INFO [main] (RetailOrderSteps.java:133)- your review as added is displayed
  Then a review message should be displayed 'Your review was added successfully' # tek.sdet.framework.steps.RetailOrderSteps.aReviewMessageShouldBeDisplayed(java.lang.String)
]]></system-out>
    <system-err><![CDATA[Starting Microsoft Edge WebDriver 111.0.1661.54 (9e410ec23a36266fd1bd72da1ffa52ca0cbfab78) on port 51160
To submit feedback, report a bug, or suggest new features, please visit https://github.com/MicrosoftEdge/EdgeWebDriver

Only local connections are allowed.
Please see https://aka.ms/WebDriverSecurity for suggestions on keeping Microsoft Edge WebDriver safe.

Microsoft Edge WebDriver was started successfully.
Mar 29, 2023 11:04:46 PM org.openqa.selenium.remote.ProtocolHandshake createSession
INFO: Detected upstream dialect: W3C
Mar 29, 2023 11:04:46 PM org.openqa.selenium.devtools.CdpVersionFinder findNearestMatch
WARNING: Unable to find an exact match for CDP version 111, so returning the closest version found: a no-op implementation
Mar 29, 2023 11:04:46 PM org.openqa.selenium.devtools.CdpVersionFinder findNearestMatch
INFO: Unable to find CDP implementation matching 111.
Mar 29, 2023 11:04:46 PM org.openqa.selenium.chromium.ChromiumDriver lambda$new$3
WARNING: Unable to find version of CDP to use for . You may need to include a dependency on a specific version of the CDP using something similar to `org.seleniumhq.selenium:selenium-devtools-v86:4.4.0` where the version ("v86") matches the version of the chromium-based browser you're using and the version number of the artifact is the same as Selenium's.
]]></system-err>
  </testcase>
  <testcase name="Verify user can sign in into Retail Application" classname="Retail SignIn feature" time="6.948">
    <system-out><![CDATA[
@smokeTest @Regration
Scenario: Verify user can sign in into Retail Application                      # features/SignIn.feature:8
{browser=edge, headless=true, url=https://tek-retail-ui.azurewebsites.net/}
 INFO [main] (RetailSteps.java:19)- User is on retail website
  Given User is on retail website                                              # tek.sdet.framework.steps.RetailSteps.userIsOnRetailWebsite()
 INFO [main] (SignInSteps.java:22)- user clicked on Sign in Option
  When User click on Sign in option                                            # tek.sdet.framework.steps.SignInSteps.userClickOnSignInOption()
 INFO [main] (SignInSteps.java:31)- user entered email and password
  And User enter email 'phan1.caphg3@tekschool.us' and password 'Tek@12345678' # tek.sdet.framework.steps.SignInSteps.userEnterEmailAndPassword(java.lang.String,java.lang.String)
 INFO [main] (SignInSteps.java:37)- user clicked on login button
  And User click on login button                                               # tek.sdet.framework.steps.SignInSteps.userClickOnLoginButton()
 INFO [main] (SignInSteps.java:43)- user is logged in into Account
  Then User should be logged in into Account                                   # tek.sdet.framework.steps.SignInSteps.userShouldBeLoggedInIntoAccount()
]]></system-out>
    <system-err><![CDATA[Starting Microsoft Edge WebDriver 111.0.1661.54 (9e410ec23a36266fd1bd72da1ffa52ca0cbfab78) on port 58211
To submit feedback, report a bug, or suggest new features, please visit https://github.com/MicrosoftEdge/EdgeWebDriver

Only local connections are allowed.
Please see https://aka.ms/WebDriverSecurity for suggestions on keeping Microsoft Edge WebDriver safe.

Microsoft Edge WebDriver was started successfully.
Mar 29, 2023 11:05:04 PM org.openqa.selenium.remote.ProtocolHandshake createSession
INFO: Detected upstream dialect: W3C
Mar 29, 2023 11:05:04 PM org.openqa.selenium.devtools.CdpVersionFinder findNearestMatch
WARNING: Unable to find an exact match for CDP version 111, so returning the closest version found: a no-op implementation
Mar 29, 2023 11:05:04 PM org.openqa.selenium.devtools.CdpVersionFinder findNearestMatch
INFO: Unable to find CDP implementation matching 111.
Mar 29, 2023 11:05:04 PM org.openqa.selenium.chromium.ChromiumDriver lambda$new$3
WARNING: Unable to find version of CDP to use for . You may need to include a dependency on a specific version of the CDP using something similar to `org.seleniumhq.selenium:selenium-devtools-v86:4.4.0` where the version ("v86") matches the version of the chromium-based browser you're using and the version number of the artifact is the same as Selenium's.
]]></system-err>
  </testcase>
  <testcase name="Verify user can create an account into Retail Website" classname="Retail SignIn feature" time="6.249">
    <system-out><![CDATA[
@dryRun1 @Regration
Scenario: Verify user can create an account into Retail Website # features/SignIn.feature:14
{browser=edge, headless=true, url=https://tek-retail-ui.azurewebsites.net/}
 INFO [main] (RetailSteps.java:19)- User is on retail website
  Given User is on retail website                               # tek.sdet.framework.steps.RetailSteps.userIsOnRetailWebsite()
 INFO [main] (SignInSteps.java:22)- user clicked on Sign in Option
  When User click on Sign in option                             # tek.sdet.framework.steps.SignInSteps.userClickOnSignInOption()
 INFO [main] (SignInSteps.java:51)- user clicked on Create New Account button
  And User click on Create New Account button                   # tek.sdet.framework.steps.SignInSteps.userClickOnCreateNewAccountButton()
 INFO [main] (SignInSteps.java:62)- user Filled the signUp information form
  And User fill the signUp information with below data          # tek.sdet.framework.steps.SignInSteps.userFillTheSignUpInformationWithBelowData(io.cucumber.datatable.DataTable)
    | name    | email                      | password   | confrimPassword |
    | phanton | phos12.caphg3@tekschool.us | Tek@123455 | Tek@123455      |
 INFO [main] (SignInSteps.java:69)- user clicked on SignUp button
  And User click on SignUp button                               # tek.sdet.framework.steps.SignInSteps.userClickOnSignUpButton()
 INFO [main] (SignInSteps.java:80)- user is logged into account page
  Then User should be logged into account page                  # tek.sdet.framework.steps.SignInSteps.userShouldBeLoggedIntoAccountPage()
]]></system-out>
    <system-err><![CDATA[Starting Microsoft Edge WebDriver 111.0.1661.54 (9e410ec23a36266fd1bd72da1ffa52ca0cbfab78) on port 59108
To submit feedback, report a bug, or suggest new features, please visit https://github.com/MicrosoftEdge/EdgeWebDriver

Only local connections are allowed.
Please see https://aka.ms/WebDriverSecurity for suggestions on keeping Microsoft Edge WebDriver safe.

Microsoft Edge WebDriver was started successfully.
Mar 29, 2023 11:05:10 PM org.openqa.selenium.remote.ProtocolHandshake createSession
INFO: Detected upstream dialect: W3C
Mar 29, 2023 11:05:10 PM org.openqa.selenium.devtools.CdpVersionFinder findNearestMatch
WARNING: Unable to find an exact match for CDP version 111, so returning the closest version found: a no-op implementation
Mar 29, 2023 11:05:10 PM org.openqa.selenium.devtools.CdpVersionFinder findNearestMatch
INFO: Unable to find CDP implementation matching 111.
Mar 29, 2023 11:05:10 PM org.openqa.selenium.chromium.ChromiumDriver lambda$new$3
WARNING: Unable to find version of CDP to use for . You may need to include a dependency on a specific version of the CDP using something similar to `org.seleniumhq.selenium:selenium-devtools-v86:4.4.0` where the version ("v86") matches the version of the chromium-based browser you're using and the version number of the artifact is the same as Selenium's.
]]></system-err>
  </testcase>
</testsuite>